  Assembling main.asm...
main.asm(8): error A2013: .MODEL must precede this directive
main.asm(9): error A2034: must be in segment block
main.asm(10): error A2034: must be in segment block
main.asm(11): error A2034: must be in segment block
main.asm(12): error A2034: must be in segment block
main.asm(13): error A2034: must be in segment block
main.asm(14): error A2034: must be in segment block
main.asm(15): error A2034: must be in segment block
main.asm(16): error A2034: must be in segment block
main.asm(17): error A2034: must be in segment block
main.asm(18): error A2034: must be in segment block
main.asm(19): error A2034: must be in segment block
main.asm(20): error A2034: must be in segment block
main.asm(21): error A2034: must be in segment block
main.asm(22): error A2034: must be in segment block
main.asm(23): error A2034: must be in segment block
main.asm(24): error A2034: must be in segment block
main.asm(26): error A2034: must be in segment block
main.asm(27): error A2034: must be in segment block
main.asm(28): error A2034: must be in segment block
main.asm(29): error A2034: must be in segment block
main.asm(30): error A2034: must be in segment block
main.asm(31): error A2034: must be in segment block
main.asm(32): error A2034: must be in segment block
main.asm(33): error A2034: must be in segment block
main.asm(34): error A2034: must be in segment block
main.asm(36): error A2013: .MODEL must precede this directive
main.asm(37): error A2034: must be in segment block : main
main.asm(38): error A2034: must be in segment block
main.asm(40): error A2034: must be in segment block
main.asm(43): error A2034: must be in segment block
main.asm(44): error A2034: must be in segment block
main.asm(47): error A2034: must be in segment block
main.asm(48): error A2034: must be in segment block
main.asm(51): error A2034: must be in segment block
main.asm(52): error A2034: must be in segment block
main.asm(55): error A2034: must be in segment block
main.asm(56): error A2034: must be in segment block
main.asm(59): error A2034: must be in segment block
main.asm(60): error A2034: must be in segment block
main.asm(63): error A2034: must be in segment block
main.asm(64): error A2034: must be in segment block
main.asm(65): error A2034: must be in segment block
main.asm(67): error A2034: must be in segment block
main.asm(68): error A2034: must be in segment block
main.asm(69): error A2034: must be in segment block
main.asm(71): error A2034: must be in segment block
main.asm(72): error A2034: must be in segment block
main.asm(74): error A2034: must be in segment block
main.asm(75): error A2034: must be in segment block
main.asm(77): error A2034: must be in segment block
main.asm(79): error A2034: must be in segment block
main.asm(81): error A2034: must be in segment block
main.asm(82): error A2034: must be in segment block
main.asm(85): error A2034: must be in segment block
main.asm(86): error A2034: must be in segment block
main.asm(87): error A2034: must be in segment block
main.asm(89): error A2034: must be in segment block
main.asm(90): error A2034: must be in segment block
main.asm(91): error A2034: must be in segment block
main.asm(92): error A2034: must be in segment block
main.asm(95): error A2034: must be in segment block
main.asm(96): error A2034: must be in segment block
main.asm(97): error A2034: must be in segment block
main.asm(99): error A2034: must be in segment block
main.asm(100): error A2034: must be in segment block
main.asm(101): error A2034: must be in segment block
main.asm(102): error A2034: must be in segment block
main.asm(103): error A2034: must be in segment block
main.asm(104): error A2034: must be in segment block
main.asm(105): error A2034: must be in segment block
main.asm(107): error A2034: must be in segment block
main.asm(109): error A2034: must be in segment block
main.asm(110): error A2034: must be in segment block
main.asm(113): error A2034: must be in segment block
main.asm(114): error A2034: must be in segment block
main.asm(115): error A2034: must be in segment block
main.asm(117): error A2034: must be in segment block
main.asm(119): error A2034: must be in segment block
main.asm(121): error A2034: must be in segment block
main.asm(122): error A2034: must be in segment block
main.asm(125): error A2034: must be in segment block
main.asm(126): error A2034: must be in segment block
main.asm(127): error A2034: must be in segment block
main.asm(129): error A2034: must be in segment block
main.asm(130): error A2034: must be in segment block
main.asm(131): error A2034: must be in segment block
main.asm(148): error A2034: must be in segment block
main.asm(149): error A2034: must be in segment block
main.asm(150): fatal error A1010: unmatched block nesting : main
C:\Program Files (x86)\Microsoft Visual Studio\2017\Community\Common7\IDE\VC\VCTargets\BuildCustomizations\masm.targets(69,5): error MSB3721: The command "ml.exe /c /nologo /Zi /Fo"Debug\main.obj" /W3 /errorReport:prompt  /Tamain.asm" exited with code 1.
